-- Found ament_cmake: 1.3.8 (/opt/ros/humble/share/ament_cmake/cmake)
-- Override CMake install command with custom implementation using symlinks instead of copying resources
-- Found rclcpp: 16.0.8 (/opt/ros/humble/share/rclcpp/cmake)
-- Found rosidl_generator_c: 3.1.5 (/opt/ros/humble/share/rosidl_generator_c/cmake)
-- Found rosidl_adapter: 3.1.5 (/opt/ros/humble/share/rosidl_adapter/cmake)
-- Found rosidl_generator_cpp: 3.1.5 (/opt/ros/humble/share/rosidl_generator_cpp/cmake)
-- Using all available rosidl_typesupport_c: rosidl_typesupport_fastrtps_c;rosidl_typesupport_introspection_c
-- Using all available rosidl_typesupport_cpp: rosidl_typesupport_fastrtps_cpp;rosidl_typesupport_introspection_cpp
-- Found rmw_implementation_cmake: 6.1.1 (/opt/ros/humble/share/rmw_implementation_cmake/cmake)
-- Found rmw_fastrtps_cpp: 6.2.6 (/opt/ros/humble/share/rmw_fastrtps_cpp/cmake)
-- Found OpenSSL: /usr/lib/x86_64-linux-gnu/libcrypto.so (found version "3.0.2")  
-- Found FastRTPS: /opt/ros/humble/include  
-- Using RMW implementation 'rmw_fastrtps_cpp' as default
-- Looking for pthread.h
-- Looking for pthread.h - found
-- Performing Test CMAKE_HAVE_LIBC_PTHREAD
-- Performing Test CMAKE_HAVE_LIBC_PTHREAD - Success
-- Found Threads: TRUE  
-- Configuring done
-- Generating done
-- Build files have been written to: /home/zechariah/ros2_ws/build/zpackage
[ 25%] [32mBuilding CXX object CMakeFiles/subscriber_node.dir/src/subscriber.cpp.o[0m
[ 50%] [32mBuilding CXX object CMakeFiles/publisher_node.dir/src/publisher.cpp.o[0m
[01m[K/home/zechariah/ros2_ws/src/zpackage/src/publisher.cpp:19:13:[m[K [01;31m[Kerror: [m[Kâ€˜[01m[KPulbisher[m[Kâ€™ in namespace â€˜[01m[Krclcpp[m[Kâ€™ does not name a template type; did you mean â€˜[01m[KPublisher[m[Kâ€™?
   19 |     rclcpp::[01;31m[KPulbisher[m[K<std_msgs::msg::Int32>::SharedPtr publisher_;
      |             [01;31m[K^~~~~~~~~[m[K
      |             [32m[KPublisher[m[K
[01m[K/home/zechariah/ros2_ws/src/zpackage/src/publisher.cpp:20:13:[m[K [01;31m[Kerror: [m[Kâ€˜[01m[KImerBase[m[Kâ€™ in namespace â€˜[01m[Krclcpp[m[Kâ€™ does not name a type; did you mean â€˜[01m[KTimerBase[m[Kâ€™?
   20 |     rclcpp::[01;31m[KImerBase[m[K::SharedPtr timer_;
      |             [01;31m[K^~~~~~~~[m[K
      |             [32m[KTimerBase[m[K
[01m[K/home/zechariah/ros2_ws/src/zpackage/src/publisher.cpp:[m[K In constructor â€˜[01m[KPublisherNode::PublisherNode()[m[Kâ€™:
[01m[K/home/zechariah/ros2_ws/src/zpackage/src/publisher.cpp:15:9:[m[K [01;31m[Kerror: [m[Kâ€˜[01m[Kpublisher_[m[Kâ€™ was not declared in this scope; did you mean â€˜[01m[KPublisherNode[m[Kâ€™?
   15 |         [01;31m[Kpublisher_[m[K = this->create_publicher<std_msg::msg::Int32>("random_numbers",10);
      |         [01;31m[K^~~~~~~~~~[m[K
      |         [32m[KPublisherNode[m[K
[01m[K/home/zechariah/ros2_ws/src/zpackage/src/publisher.cpp:15:28:[m[K [01;31m[Kerror: [m[Kâ€˜[01m[Kclass PublisherNode[m[Kâ€™ has no member named â€˜[01m[Kcreate_publicher[m[Kâ€™; did you mean â€˜[01m[Kcreate_publisher[m[Kâ€™?
   15 |         publisher_ = this->[01;31m[Kcreate_publicher[m[K<std_msg::msg::Int32>("random_numbers",10);
      |                            [01;31m[K^~~~~~~~~~~~~~~~[m[K
      |                            [32m[Kcreate_publisher[m[K
[01m[K/home/zechariah/ros2_ws/src/zpackage/src/publisher.cpp:15:45:[m[K [01;31m[Kerror: [m[Kâ€˜[01m[Kstd_msg[m[Kâ€™ has not been declared
   15 |         publisher_ = this->create_publicher<[01;31m[Kstd_msg[m[K::msg::Int32>("random_numbers",10);
      |                                             [01;31m[K^~~~~~~[m[K
[01m[K/home/zechariah/ros2_ws/src/zpackage/src/publisher.cpp:16:9:[m[K [01;31m[Kerror: [m[Kâ€˜[01m[Ktimer_[m[Kâ€™ was not declared in this scope; did you mean â€˜[01m[Ktimer_t[m[Kâ€™?
   16 |         [01;31m[Ktimer_[m[K = this->create_wall_timer(1s, std::bind(&PublisherNode::publishRandomnumber,this));
      |         [01;31m[K^~~~~~[m[K
      |         [32m[Ktimer_t[m[K
[01m[K/home/zechariah/ros2_ws/src/zpackage/src/publisher.cpp:16:72:[m[K [01;31m[Kerror: [m[Kâ€˜[01m[KpublishRandomnumber[m[Kâ€™ is not a member of â€˜[01m[KPublisherNode[m[Kâ€™
   16 |         timer_ = this->create_wall_timer(1s, std::bind(&PublisherNode::[01;31m[KpublishRandomnumber[m[K,this));
      |                                                                        [01;31m[K^~~~~~~~~~~~~~~~~~~[m[K
In file included from [01m[K/opt/ros/humble/include/rclcpp/rclcpp/client.hpp:40[m[K,
                 from [01m[K/opt/ros/humble/include/rclcpp/rclcpp/callback_group.hpp:24[m[K,
                 from [01m[K/opt/ros/humble/include/rclcpp/rclcpp/any_executable.hpp:20[m[K,
                 from [01m[K/opt/ros/humble/include/rclcpp/rclcpp/memory_strategy.hpp:25[m[K,
                 from [01m[K/opt/ros/humble/include/rclcpp/rclcpp/memory_strategies.hpp:18[m[K,
                 from [01m[K/opt/ros/humble/include/rclcpp/rclcpp/executor_options.hpp:20[m[K,
                 from [01m[K/opt/ros/humble/include/rclcpp/rclcpp/executor.hpp:37[m[K,
                 from [01m[K/opt/ros/humble/include/rclcpp/rclcpp/executors/multi_threaded_executor.hpp:25[m[K,
                 from [01m[K/opt/ros/humble/include/rclcpp/rclcpp/executors.hpp:21[m[K,
                 from [01m[K/opt/ros/humble/include/rclcpp/rclcpp/rclcpp.hpp:155[m[K,
                 from [01m[K/home/zechariah/ros2_ws/src/zpackage/src/publisher.cpp:1[m[K:
[01m[K/home/zechariah/ros2_ws/src/zpackage/src/publisher.cpp:[m[K In member function â€˜[01m[Kvoid PublisherNode::publishRandomNumber()[m[Kâ€™:
[01m[K/home/zechariah/ros2_ws/src/zpackage/src/publisher.cpp:26:21:[m[K [01;31m[Kerror: [m[Kexpected primary-expression before â€˜[01m[K->[m[Kâ€™ token
   26 |         RCLCPP_INFO([01;31m[K->[m[Kget_logger(), "Publishing random number: %d", msg->data);
      |                     [01;31m[K^~[m[K
[01m[K/home/zechariah/ros2_ws/src/zpackage/src/publisher.cpp:26:9:[m[K [01;31m[Kerror: [m[Ktemplate argument 1 is invalid
   26 |         [01;31m[KRCLCPP_INFO[m[K(->get_logger(), "Publishing random number: %d", msg->data);
      |         [01;31m[K^~~~~~~~~~~[m[K
[01m[K/home/zechariah/ros2_ws/src/zpackage/src/publisher.cpp:26:9:[m[K [01;31m[Kerror: [m[Kâ€˜[01m[K<declaration error>[m[Kâ€™ is not a template [[01;31m[K]8;;https://gcc.gnu.org/onlinedocs/gcc/Warning-Options.html#index-fpermissive-fpermissive]8;;[m[K]
   26 |         [01;31m[KRCLCPP_INFO[m[K(->get_logger(), "Publishing random number: %d", msg->data);
      |         [01;31m[K^~~~~~~~~~~[m[K
[01m[K/home/zechariah/ros2_ws/src/zpackage/src/publisher.cpp:26:9:[m[K [01;31m[Kerror: [m[Ktemplate argument 1 is invalid
   26 |         [01;31m[KRCLCPP_INFO[m[K(->get_logger(), "Publishing random number: %d", msg->data);
      |         [01;31m[K^~~~~~~~~~~[m[K
[01m[K/home/zechariah/ros2_ws/src/zpackage/src/publisher.cpp:26:9:[m[K [01;31m[Kerror: [m[Kâ€˜[01m[K<declaration error>[m[Kâ€™ is not a template [[01;31m[K]8;;https://gcc.gnu.org/onlinedocs/gcc/Warning-Options.html#index-fpermissive-fpermissive]8;;[m[K]
   26 |         [01;31m[KRCLCPP_INFO[m[K(->get_logger(), "Publishing random number: %d", msg->data);
      |         [01;31m[K^~~~~~~~~~~[m[K
[01m[K/home/zechariah/ros2_ws/src/zpackage/src/publisher.cpp:26:9:[m[K [01;31m[Kerror: [m[Ktemplate argument 1 is invalid
   26 |         [01;31m[KRCLCPP_INFO[m[K(->get_logger(), "Publishing random number: %d", msg->data);
      |         [01;31m[K^~~~~~~~~~~[m[K
In file included from [01m[K/opt/ros/humble/include/rclcpp/rclcpp/logging.hpp:24[m[K,
                 from [01m[K/opt/ros/humble/include/rclcpp/rclcpp/client.hpp:40[m[K,
                 from [01m[K/opt/ros/humble/include/rclcpp/rclcpp/callback_group.hpp:24[m[K,
                 from [01m[K/opt/ros/humble/include/rclcpp/rclcpp/any_executable.hpp:20[m[K,
                 from [01m[K/opt/ros/humble/include/rclcpp/rclcpp/memory_strategy.hpp:25[m[K,
                 from [01m[K/opt/ros/humble/include/rclcpp/rclcpp/memory_strategies.hpp:18[m[K,
                 from [01m[K/opt/ros/humble/include/rclcpp/rclcpp/executor_options.hpp:20[m[K,
                 from [01m[K/opt/ros/humble/include/rclcpp/rclcpp/executor.hpp:37[m[K,
                 from [01m[K/opt/ros/humble/include/rclcpp/rclcpp/executors/multi_threaded_executor.hpp:25[m[K,
                 from [01m[K/opt/ros/humble/include/rclcpp/rclcpp/executors.hpp:21[m[K,
                 from [01m[K/opt/ros/humble/include/rclcpp/rclcpp/rclcpp.hpp:155[m[K,
                 from [01m[K/home/zechariah/ros2_ws/src/zpackage/src/publisher.cpp:1[m[K:
[01m[K/home/zechariah/ros2_ws/src/zpackage/src/publisher.cpp:26:21:[m[K [01;31m[Kerror: [m[Kexpected primary-expression before â€˜[01m[K->[m[Kâ€™ token
   26 |         RCLCPP_INFO([01;31m[K->[m[Kget_logger(), "Publishing random number: %d", msg->data);
      |                     [01;31m[K^~[m[K
[01m[K/home/zechariah/ros2_ws/src/zpackage/src/publisher.cpp:26:21:[m[K [01;31m[Kerror: [m[Kexpected primary-expression before â€˜[01m[K->[m[Kâ€™ token
   26 |         RCLCPP_INFO([01;31m[K->[m[Kget_logger(), "Publishing random number: %d", msg->data);
      |                     [01;31m[K^~[m[K
[01m[K/home/zechariah/ros2_ws/src/zpackage/src/publisher.cpp:27:9:[m[K [01;31m[Kerror: [m[Kâ€˜[01m[Kpublisher_[m[Kâ€™ was not declared in this scope; did you mean â€˜[01m[KPublisherNode[m[Kâ€™?
   27 |         [01;31m[Kpublisher_[m[K->publish(*msg);
      |         [01;31m[K^~~~~~~~~~[m[K
      |         [32m[KPublisherNode[m[K
[01m[K/home/zechariah/ros2_ws/src/zpackage/src/publisher.cpp:[m[K In function â€˜[01m[Kint main(int, char**)[m[Kâ€™:
[01m[K/home/zechariah/ros2_ws/src/zpackage/src/publisher.cpp:33:5:[m[K [01;31m[Kerror: [m[Kâ€˜[01m[Krclpp[m[Kâ€™ has not been declared
   33 |     [01;31m[Krclpp[m[K::init(argc, argv);
      |     [01;31m[K^~~~~[m[K
[01m[K/home/zechariah/ros2_ws/src/zpackage/src/publisher.cpp:34:22:[m[K [01;31m[Kerror: [m[Kâ€˜[01m[Kmaek_shared[m[Kâ€™ is not a member of â€˜[01m[Kstd[m[Kâ€™; did you mean â€˜[01m[Kmake_shared[m[Kâ€™?
   34 |     auto node = std::[01;31m[Kmaek_shared[m[K<PublisherNode>();
      |                      [01;31m[K^~~~~~~~~~~[m[K
      |                      [32m[Kmake_shared[m[K
[01m[K/home/zechariah/ros2_ws/src/zpackage/src/publisher.cpp:34:47:[m[K [01;31m[Kerror: [m[Kexpected primary-expression before â€˜[01m[K>[m[Kâ€™ token
   34 |     auto node = std::maek_shared<PublisherNode[01;31m[K>[m[K();
      |                                               [01;31m[K^[m[K
[01m[K/home/zechariah/ros2_ws/src/zpackage/src/publisher.cpp:34:49:[m[K [01;31m[Kerror: [m[Kexpected primary-expression before â€˜[01m[K)[m[Kâ€™ token
   34 |     auto node = std::maek_shared<PublisherNode>([01;31m[K)[m[K;
      |                                                 [01;31m[K^[m[K
[01m[K/home/zechariah/ros2_ws/src/zpackage/src/publisher.cpp:36:5:[m[K [01;31m[Kerror: [m[Kâ€˜[01m[Krclpp[m[Kâ€™ has not been declared
   36 |     [01;31m[Krclpp[m[K::shutdown();
      |     [01;31m[K^~~~~[m[K
gmake[2]: *** [CMakeFiles/publisher_node.dir/build.make:76: CMakeFiles/publisher_node.dir/src/publisher.cpp.o] Error 1
gmake[1]: *** [CMakeFiles/Makefile2:139: CMakeFiles/publisher_node.dir/all] Error 2
gmake[1]: *** Waiting for unfinished jobs....
[ 75%] [32m[1mLinking CXX executable subscriber_node[0m
[ 75%] Built target subscriber_node
gmake: *** [Makefile:146: all] Error 2
